app/build/intermediates/manifest_merge_blame_file/debug/manifest-merger-blame-debug-report.txt
1<?xml version="1.0" encoding="utf-8"?>
2<manifest xmlns:android="http://schemas.android.com/apk/res/android"
3    package="com.customlauncher.app"
4    android:versionCode="32"
5    android:versionName="3.2" >
6
7    <uses-sdk
8        android:minSdkVersion="26"
9        android:targetSdkVersion="34" />
10
11    <uses-permission android:name="android.permission.QUERY_ALL_PACKAGES" />
11-->src/main/AndroidManifest.xml:5:5-6:53
11-->src/main/AndroidManifest.xml:5:22-74
12    <uses-permission android:name="android.permission.SYSTEM_ALERT_WINDOW" />
12-->src/main/AndroidManifest.xml:7:5-78
12-->src/main/AndroidManifest.xml:7:22-75
13    <uses-permission android:name="android.permission.EXPAND_STATUS_BAR" />
13-->src/main/AndroidManifest.xml:8:5-76
13-->src/main/AndroidManifest.xml:8:22-73
14    <uses-permission android:name="android.permission.ACCESS_NOTIFICATION_POLICY" />
14-->src/main/AndroidManifest.xml:9:5-85
14-->src/main/AndroidManifest.xml:9:22-82
15    <uses-permission android:name="android.permission.FOREGROUND_SERVICE" />
15-->src/main/AndroidManifest.xml:10:5-77
15-->src/main/AndroidManifest.xml:10:22-74
16    <uses-permission android:name="android.permission.FOREGROUND_SERVICE_SPECIAL_USE" />
16-->src/main/AndroidManifest.xml:11:5-89
16-->src/main/AndroidManifest.xml:11:22-86
17    <uses-permission android:name="android.permission.WAKE_LOCK" />
17-->src/main/AndroidManifest.xml:12:5-68
17-->src/main/AndroidManifest.xml:12:22-65
18    <uses-permission android:name="android.permission.DISABLE_KEYGUARD" />
18-->src/main/AndroidManifest.xml:13:5-75
18-->src/main/AndroidManifest.xml:13:22-72
19    <uses-permission android:name="android.permission.SHOW_WHEN_LOCKED" />
19-->src/main/AndroidManifest.xml:14:5-75
19-->src/main/AndroidManifest.xml:14:22-72
20    <uses-permission android:name="android.permission.TURN_SCREEN_ON" />
20-->src/main/AndroidManifest.xml:15:5-73
20-->src/main/AndroidManifest.xml:15:22-70
21    <uses-permission android:name="android.permission.WRITE_SETTINGS" />
21-->src/main/AndroidManifest.xml:16:5-73
21-->src/main/AndroidManifest.xml:16:22-70
22    <uses-permission android:name="android.permission.WRITE_SECURE_SETTINGS" />
22-->src/main/AndroidManifest.xml:17:5-80
22-->src/main/AndroidManifest.xml:17:22-77
23    <uses-permission android:name="android.permission.INTERNET" />
23-->src/main/AndroidManifest.xml:18:5-67
23-->src/main/AndroidManifest.xml:18:22-64
24    <uses-permission android:name="android.permission.WRITE_EXTERNAL_STORAGE" />
24-->src/main/AndroidManifest.xml:19:5-81
24-->src/main/AndroidManifest.xml:19:22-78
25    <uses-permission android:name="android.permission.REQUEST_INSTALL_PACKAGES" />
25-->src/main/AndroidManifest.xml:20:5-83
25-->src/main/AndroidManifest.xml:20:22-80
26    <uses-permission android:name="android.permission.REQUEST_DELETE_PACKAGES" />
26-->src/main/AndroidManifest.xml:21:5-82
26-->src/main/AndroidManifest.xml:21:22-79
27
28    <permission
28-->[androidx.core:core:1.12.0] AndroidManifest.xml:22:5-24:47
29        android:name="com.customlauncher.app.DYNAMIC_RECEIVER_NOT_EXPORTED_PERMISSION"
29-->[androidx.core:core:1.12.0] AndroidManifest.xml:23:9-81
30        android:protectionLevel="signature" />
30-->[androidx.core:core:1.12.0] AndroidManifest.xml:24:9-44
31
32    <uses-permission android:name="com.customlauncher.app.DYNAMIC_RECEIVER_NOT_EXPORTED_PERMISSION" />
32-->[androidx.core:core:1.12.0] AndroidManifest.xml:26:5-97
32-->[androidx.core:core:1.12.0] AndroidManifest.xml:26:22-94
33
34    <application
34-->src/main/AndroidManifest.xml:23:5-119:19
35        android:name="com.customlauncher.app.LauncherApplication"
35-->src/main/AndroidManifest.xml:24:9-44
36        android:allowBackup="true"
36-->src/main/AndroidManifest.xml:25:9-35
37        android:appComponentFactory="androidx.core.app.CoreComponentFactory"
37-->[androidx.core:core:1.12.0] AndroidManifest.xml:28:18-86
38        android:debuggable="true"
39        android:extractNativeLibs="false"
40        android:icon="@mipmap/ic_launcher"
40-->src/main/AndroidManifest.xml:26:9-43
41        android:label="@string/app_name"
41-->src/main/AndroidManifest.xml:27:9-41
42        android:roundIcon="@mipmap/ic_launcher_round"
42-->src/main/AndroidManifest.xml:28:9-54
43        android:supportsRtl="true"
43-->src/main/AndroidManifest.xml:29:9-35
44        android:theme="@style/Theme.CustomLauncher" >
44-->src/main/AndroidManifest.xml:30:9-52
45
46        <!-- Main Launcher Activity (Home Screen) -->
47        <activity
47-->src/main/AndroidManifest.xml:34:9-48:20
48            android:name="com.customlauncher.app.ui.MainActivity"
48-->src/main/AndroidManifest.xml:35:13-44
49            android:clearTaskOnLaunch="true"
49-->src/main/AndroidManifest.xml:38:13-45
50            android:exported="true"
50-->src/main/AndroidManifest.xml:36:13-36
51            android:launchMode="singleTask"
51-->src/main/AndroidManifest.xml:37:13-44
52            android:screenOrientation="portrait"
52-->src/main/AndroidManifest.xml:40:13-49
53            android:stateNotNeeded="true"
53-->src/main/AndroidManifest.xml:39:13-42
54            android:theme="@style/Theme.CustomLauncher.Transparent"
54-->src/main/AndroidManifest.xml:42:13-68
55            android:windowSoftInputMode="adjustPan" >
55-->src/main/AndroidManifest.xml:41:13-52
56            <intent-filter>
56-->src/main/AndroidManifest.xml:43:13-47:29
57                <action android:name="android.intent.action.MAIN" />
57-->src/main/AndroidManifest.xml:44:17-69
57-->src/main/AndroidManifest.xml:44:25-66
58
59                <category android:name="android.intent.category.HOME" />
59-->src/main/AndroidManifest.xml:45:17-73
59-->src/main/AndroidManifest.xml:45:27-70
60                <category android:name="android.intent.category.DEFAULT" />
60-->src/main/AndroidManifest.xml:46:17-76
60-->src/main/AndroidManifest.xml:46:27-73
61            </intent-filter>
62        </activity>
63
64        <!-- App List Activity (App Icon Entry Point) -->
65        <activity
65-->src/main/AndroidManifest.xml:51:9-60:20
66            android:name="com.customlauncher.app.ui.AppListActivity"
66-->src/main/AndroidManifest.xml:52:13-47
67            android:exported="true"
67-->src/main/AndroidManifest.xml:53:13-36
68            android:screenOrientation="portrait"
68-->src/main/AndroidManifest.xml:55:13-49
69            android:theme="@style/Theme.CustomLauncher" >
69-->src/main/AndroidManifest.xml:54:13-56
70            <intent-filter>
70-->src/main/AndroidManifest.xml:56:13-59:29
71                <action android:name="android.intent.action.MAIN" />
71-->src/main/AndroidManifest.xml:44:17-69
71-->src/main/AndroidManifest.xml:44:25-66
72
73                <category android:name="android.intent.category.LAUNCHER" />
73-->src/main/AndroidManifest.xml:58:17-77
73-->src/main/AndroidManifest.xml:58:27-74
74            </intent-filter>
75        </activity>
76
77        <!-- Settings Activity -->
78        <activity
78-->src/main/AndroidManifest.xml:63:9-67:52
79            android:name="com.customlauncher.app.ui.SettingsActivity"
79-->src/main/AndroidManifest.xml:64:13-48
80            android:exported="false"
80-->src/main/AndroidManifest.xml:65:13-37
81            android:screenOrientation="portrait"
81-->src/main/AndroidManifest.xml:67:13-49
82            android:theme="@style/Theme.CustomLauncher" />
82-->src/main/AndroidManifest.xml:66:13-56
83
84        <!-- Touch Block Service -->
85        <service
85-->src/main/AndroidManifest.xml:70:9-77:19
86            android:name="com.customlauncher.app.service.TouchBlockService"
86-->src/main/AndroidManifest.xml:71:13-54
87            android:enabled="true"
87-->src/main/AndroidManifest.xml:72:13-35
88            android:exported="false"
88-->src/main/AndroidManifest.xml:73:13-37
89            android:foregroundServiceType="specialUse" >
89-->src/main/AndroidManifest.xml:74:13-55
90            <property
90-->src/main/AndroidManifest.xml:75:13-76:76
91                android:name="android.app.PROPERTY_SPECIAL_USE_FGS_SUBTYPE"
91-->src/main/AndroidManifest.xml:75:23-82
92                android:value="Accessibility overlay for touch blocking" />
92-->src/main/AndroidManifest.xml:76:17-73
93        </service>
94        <service
94-->src/main/AndroidManifest.xml:79:9-90:19
95            android:name="com.customlauncher.app.service.SystemBlockAccessibilityService"
95-->src/main/AndroidManifest.xml:80:13-68
96            android:directBootAware="true"
96-->src/main/AndroidManifest.xml:83:13-43
97            android:exported="true"
97-->src/main/AndroidManifest.xml:82:13-36
98            android:permission="android.permission.BIND_ACCESSIBILITY_SERVICE" >
98-->src/main/AndroidManifest.xml:81:13-79
99            <intent-filter>
99-->src/main/AndroidManifest.xml:84:13-86:29
100                <action android:name="android.accessibilityservice.AccessibilityService" />
100-->src/main/AndroidManifest.xml:85:17-92
100-->src/main/AndroidManifest.xml:85:25-89
101            </intent-filter>
102
103            <meta-data
103-->src/main/AndroidManifest.xml:87:13-89:72
104                android:name="android.accessibilityservice"
104-->src/main/AndroidManifest.xml:88:17-60
105                android:resource="@xml/accessibility_service_config" />
105-->src/main/AndroidManifest.xml:89:17-69
106        </service>
107
108        <!-- Key Combination Receiver -->
109        <receiver
109-->src/main/AndroidManifest.xml:93:9-100:20
110            android:name="com.customlauncher.app.receiver.KeyCombinationReceiver"
110-->src/main/AndroidManifest.xml:94:13-60
111            android:enabled="true"
111-->src/main/AndroidManifest.xml:95:13-35
112            android:exported="false" >
112-->src/main/AndroidManifest.xml:96:13-37
113            <intent-filter>
113-->src/main/AndroidManifest.xml:97:13-99:29
114                <action android:name="com.customlauncher.app.KEY_COMBINATION_DETECTED" />
114-->src/main/AndroidManifest.xml:98:17-90
114-->src/main/AndroidManifest.xml:98:25-87
115            </intent-filter>
116        </receiver>
117
118        <!-- Sensor Control Service -->
119        <service
119-->src/main/AndroidManifest.xml:103:9-106:40
120            android:name="com.customlauncher.app.service.SensorControlService"
120-->src/main/AndroidManifest.xml:104:13-57
121            android:enabled="true"
121-->src/main/AndroidManifest.xml:105:13-35
122            android:exported="false" />
122-->src/main/AndroidManifest.xml:106:13-37
123
124        <!-- FileProvider for APK installation -->
125        <provider
126            android:name="androidx.core.content.FileProvider"
126-->src/main/AndroidManifest.xml:110:13-62
127            android:authorities="com.customlauncher.app.fileprovider"
127-->src/main/AndroidManifest.xml:111:13-64
128            android:exported="false"
128-->src/main/AndroidManifest.xml:112:13-37
129            android:grantUriPermissions="true" >
129-->src/main/AndroidManifest.xml:113:13-47
130            <meta-data
130-->src/main/AndroidManifest.xml:114:13-116:54
131                android:name="android.support.FILE_PROVIDER_PATHS"
131-->src/main/AndroidManifest.xml:115:17-67
132                android:resource="@xml/file_paths" />
132-->src/main/AndroidManifest.xml:116:17-51
133        </provider>
134        <provider
134-->[androidx.emoji2:emoji2:1.2.0] AndroidManifest.xml:24:9-32:20
135            android:name="androidx.startup.InitializationProvider"
135-->[androidx.emoji2:emoji2:1.2.0] AndroidManifest.xml:25:13-67
136            android:authorities="com.customlauncher.app.androidx-startup"
136-->[androidx.emoji2:emoji2:1.2.0] AndroidManifest.xml:26:13-68
137            android:exported="false" >
137-->[androidx.emoji2:emoji2:1.2.0] AndroidManifest.xml:27:13-37
138            <meta-data
138-->[androidx.emoji2:emoji2:1.2.0] AndroidManifest.xml:29:13-31:52
139                android:name="androidx.emoji2.text.EmojiCompatInitializer"
139-->[androidx.emoji2:emoji2:1.2.0] AndroidManifest.xml:30:17-75
140                android:value="androidx.startup" />
140-->[androidx.emoji2:emoji2:1.2.0] AndroidManifest.xml:31:17-49
141            <meta-data
141-->[androidx.lifecycle:lifecycle-process:2.7.0] AndroidManifest.xml:29:13-31:52
142                android:name="androidx.lifecycle.ProcessLifecycleInitializer"
142-->[androidx.lifecycle:lifecycle-process:2.7.0] AndroidManifest.xml:30:17-78
143                android:value="androidx.startup" />
143-->[androidx.lifecycle:lifecycle-process:2.7.0] AndroidManifest.xml:31:17-49
144            <meta-data
144-->[androidx.profileinstaller:profileinstaller:1.3.0] AndroidManifest.xml:29:13-31:52
145                android:name="androidx.profileinstaller.ProfileInstallerInitializer"
145-->[androidx.profileinstaller:profileinstaller:1.3.0] AndroidManifest.xml:30:17-85
146                android:value="androidx.startup" />
146-->[androidx.profileinstaller:profileinstaller:1.3.0] AndroidManifest.xml:31:17-49
147        </provider>
148
149        <uses-library
149-->[androidx.window:window:1.0.0] AndroidManifest.xml:25:9-27:40
150            android:name="androidx.window.extensions"
150-->[androidx.window:window:1.0.0] AndroidManifest.xml:26:13-54
151            android:required="false" />
151-->[androidx.window:window:1.0.0] AndroidManifest.xml:27:13-37
152        <uses-library
152-->[androidx.window:window:1.0.0] AndroidManifest.xml:28:9-30:40
153            android:name="androidx.window.sidecar"
153-->[androidx.window:window:1.0.0] AndroidManifest.xml:29:13-51
154            android:required="false" />
154-->[androidx.window:window:1.0.0] AndroidManifest.xml:30:13-37
155
156        <service
156-->[androidx.room:room-runtime:2.6.1] AndroidManifest.xml:24:9-28:63
157            android:name="androidx.room.MultiInstanceInvalidationService"
157-->[androidx.room:room-runtime:2.6.1] AndroidManifest.xml:25:13-74
158            android:directBootAware="true"
158-->[androidx.room:room-runtime:2.6.1] AndroidManifest.xml:26:13-43
159            android:exported="false" />
159-->[androidx.room:room-runtime:2.6.1] AndroidManifest.xml:27:13-37
160
161        <receiver
161-->[androidx.profileinstaller:profileinstaller:1.3.0] AndroidManifest.xml:34:9-52:20
162            android:name="androidx.profileinstaller.ProfileInstallReceiver"
162-->[androidx.profileinstaller:profileinstaller:1.3.0] AndroidManifest.xml:35:13-76
163            android:directBootAware="false"
163-->[androidx.profileinstaller:profileinstaller:1.3.0] AndroidManifest.xml:36:13-44
164            android:enabled="true"
164-->[androidx.profileinstaller:profileinstaller:1.3.0] AndroidManifest.xml:37:13-35
165            android:exported="true"
165-->[androidx.profileinstaller:profileinstaller:1.3.0] AndroidManifest.xml:38:13-36
166            android:permission="android.permission.DUMP" >
166-->[androidx.profileinstaller:profileinstaller:1.3.0] AndroidManifest.xml:39:13-57
167            <intent-filter>
167-->[androidx.profileinstaller:profileinstaller:1.3.0] AndroidManifest.xml:40:13-42:29
168                <action android:name="androidx.profileinstaller.action.INSTALL_PROFILE" />
168-->[androidx.profileinstaller:profileinstaller:1.3.0] AndroidManifest.xml:41:17-91
168-->[androidx.profileinstaller:profileinstaller:1.3.0] AndroidManifest.xml:41:25-88
169            </intent-filter>
170            <intent-filter>
170-->[androidx.profileinstaller:profileinstaller:1.3.0] AndroidManifest.xml:43:13-45:29
171                <action android:name="androidx.profileinstaller.action.SKIP_FILE" />
171-->[androidx.profileinstaller:profileinstaller:1.3.0] AndroidManifest.xml:44:17-85
171-->[androidx.profileinstaller:profileinstaller:1.3.0] AndroidManifest.xml:44:25-82
172            </intent-filter>
173            <intent-filter>
173-->[androidx.profileinstaller:profileinstaller:1.3.0] AndroidManifest.xml:46:13-48:29
174                <action android:name="androidx.profileinstaller.action.SAVE_PROFILE" />
174-->[androidx.profileinstaller:profileinstaller:1.3.0] AndroidManifest.xml:47:17-88
174-->[androidx.profileinstaller:profileinstaller:1.3.0] AndroidManifest.xml:47:25-85
175            </intent-filter>
176            <intent-filter>
176-->[androidx.profileinstaller:profileinstaller:1.3.0] AndroidManifest.xml:49:13-51:29
177                <action android:name="androidx.profileinstaller.action.BENCHMARK_OPERATION" />
177-->[androidx.profileinstaller:profileinstaller:1.3.0] AndroidManifest.xml:50:17-95
177-->[androidx.profileinstaller:profileinstaller:1.3.0] AndroidManifest.xml:50:25-92
178            </intent-filter>
179        </receiver>
180    </application>
181
182</manifest>